0 info it worked if it ends with ok
1 verbose cli [ '/Users/cgibbons/rd/.virtualenvs/rd-front-end/bin/node',
1 verbose cli   '/Users/cgibbons/rd/.virtualenvs/rd-front-end/bin/npm',
1 verbose cli   'run',
1 verbose cli   'commit' ]
2 info using npm@4.1.2
3 info using node@v7.7.4
4 verbose run-script [ 'precommit', 'commit', 'postcommit' ]
5 info lifecycle angular4-lib-starter@0.0.0-development~precommit: angular4-lib-starter@0.0.0-development
6 silly lifecycle angular4-lib-starter@0.0.0-development~precommit: no script for precommit, continuing
7 info lifecycle angular4-lib-starter@0.0.0-development~commit: angular4-lib-starter@0.0.0-development
8 verbose lifecycle angular4-lib-starter@0.0.0-development~commit: unsafe-perm in lifecycle true
9 verbose lifecycle angular4-lib-starter@0.0.0-development~commit: PATH: /Users/cgibbons/rd/.virtualenvs/rd-front-end/lib/node_modules/npm/bin/node-gyp-bin:/Users/cgibbons/rd/angular4-lib-starter/node_modules/.bin:/Users/cgibbons/rd/.virtualenvs/rd-front-end/lib/node_modules/.bin:/Users/cgibbons/rd/.virtualenvs/rd-front-end/bin:/Users/cgibbons/rd/.virtualenvs/rd-front-end/bin:/Library/Frameworks/Python.framework/Versions/2.7/bin:/usr/local/bin:/usr/bin:/bin:/usr/sbin:/sbin:/opt/X11/bin:/Users/cgibbons/n/bin
10 verbose lifecycle angular4-lib-starter@0.0.0-development~commit: CWD: /Users/cgibbons/rd/angular4-lib-starter
11 silly lifecycle angular4-lib-starter@0.0.0-development~commit: Args: [ '-c', 'git-cz' ]
12 silly lifecycle angular4-lib-starter@0.0.0-development~commit: Returned: code: 1  signal: null
13 info lifecycle angular4-lib-starter@0.0.0-development~commit: Failed to exec commit script
14 verbose stack Error: angular4-lib-starter@0.0.0-development commit: `git-cz`
14 verbose stack Exit status 1
14 verbose stack     at EventEmitter.<anonymous> (/Users/cgibbons/rd/.virtualenvs/rd-front-end/lib/node_modules/npm/lib/utils/lifecycle.js:279:16)
14 verbose stack     at emitTwo (events.js:106:13)
14 verbose stack     at EventEmitter.emit (events.js:194:7)
14 verbose stack     at ChildProcess.<anonymous> (/Users/cgibbons/rd/.virtualenvs/rd-front-end/lib/node_modules/npm/lib/utils/spawn.js:40:14)
14 verbose stack     at emitTwo (events.js:106:13)
14 verbose stack     at ChildProcess.emit (events.js:194:7)
14 verbose stack     at maybeClose (internal/child_process.js:899:16)
14 verbose stack     at Process.ChildProcess._handle.onexit (internal/child_process.js:226:5)
15 verbose pkgid angular4-lib-starter@0.0.0-development
16 verbose cwd /Users/cgibbons/rd/angular4-lib-starter
17 error Darwin 14.5.0
18 error argv "/Users/cgibbons/rd/.virtualenvs/rd-front-end/bin/node" "/Users/cgibbons/rd/.virtualenvs/rd-front-end/bin/npm" "run" "commit"
19 error node v7.7.4
20 error npm  v4.1.2
21 error code ELIFECYCLE
22 error angular4-lib-starter@0.0.0-development commit: `git-cz`
22 error Exit status 1
23 error Failed at the angular4-lib-starter@0.0.0-development commit script 'git-cz'.
23 error Make sure you have the latest version of node.js and npm installed.
23 error If you do, this is most likely a problem with the angular4-lib-starter package,
23 error not with npm itself.
23 error Tell the author that this fails on your system:
23 error     git-cz
23 error You can get information on how to open an issue for this project with:
23 error     npm bugs angular4-lib-starter
23 error Or if that isn't available, you can get their info via:
23 error     npm owner ls angular4-lib-starter
23 error There is likely additional logging output above.
24 verbose exit [ 1, true ]
